make all --print-data-base --no-builtin-variables --no-builtin-rules --question
# GNU Make 4.1
# Built for x86_64-pc-linux-gnu
# Copyright (C) 1988-2014 Free Software Foundation, Inc.
# License GPLv3+: GNU GPL version 3 or later <http://gnu.org/licenses/gpl.html>
# This is free software: you are free to change and redistribute it.
# There is NO WARRANTY, to the extent permitted by law.

# Make data base, printed on Tue Jul 26 18:44:37 2022

# Variables

# automatic
<D = $(patsubst %/,%,$(dir $<))
# automatic
?F = $(notdir $?)
# environment
WSLENV = VSCODE_WSL_EXT_LOCATION/up
# default
.SHELLFLAGS := -c
# makefile (from 'makefile', line 12)
TARGET = ./bin/main
# automatic
?D = $(patsubst %/,%,$(dir $?))
# automatic
@D = $(patsubst %/,%,$(dir $@))
# automatic
@F = $(notdir $@)
# makefile
CURDIR := /home/mice/MakeFile
# makefile
SHELL = /bin/sh
# environment
VSCODE_NLS_CONFIG = {"locale":"zh-cn","availableLanguages":{"*":"zh-cn"},"_languagePackId":"1d735750dbb1b9066c7513078396ba0f.zh-cn","_translationsConfigFile":"/home/mice/.vscode-server/data/clp/1d735750dbb1b9066c7513078396ba0f.zh-cn/tcf.json","_cacheRoot":"/home/mice/.vscode-server/data/clp/1d735750dbb1b9066c7513078396ba0f.zh-cn","_resolvedLanguagePackCoreLocation":"/home/mice/.vscode-server/data/clp/1d735750dbb1b9066c7513078396ba0f.zh-cn/3b889b090b5ad5793f524b5d1d39fda662b96a2a","_corruptedFile":"/home/mice/.vscode-server/data/clp/1d735750dbb1b9066c7513078396ba0f.zh-cn/corrupted.info","_languagePackSupport":true}
# environment
_ = /home/mice/.vscode-server/bin/3b889b090b5ad5793f524b5d1d39fda662b96a2a/node
# makefile (from 'makefile', line 1)
MAKEFILE_LIST :=  makefile
# 'override' directive
GNUMAKEFLAGS := 
# makefile (from 'makefile', line 14)
CXXFLAGS = -I./include
# environment
XDG_DATA_DIRS = /usr/local/share:/usr/share:/var/lib/snapd/desktop
# makefile (from 'makefile', line 13)
OBJS = ./build/add.o ./build/main.o
# environment
VSCODE_CWD = /mnt/d/vscode/Microsoft VS Code
# default
MAKE_HOST := x86_64-pc-linux-gnu
# environment
PATH = /home/mice/.vscode-server/bin/3b889b090b5ad5793f524b5d1d39fda662b96a2a/bin/remote-cli:/home/mice/.cargo/bin:/usr/local/sbin:/usr/local/bin:/usr/sbin:/usr/bin:/sbin:/bin:/usr/games:/usr/local/games:/mnt/c/Program Files/Common Files/Oracle/Java/javapath:/mnt/c/MyApp/VMWare/bin/:/mnt/c/Windows/system32:/mnt/c/Windows:/mnt/c/MyApp/VisualStudio/vs/VC/Tools/MSVC/14.30.30705/bin/Hostx64/x64/cl.exe:/mnt/c/Windows/System32/Wbem:/mnt/c/Windows/System32/WindowsPowerShell/v1.0/:/mnt/c/Windows/System32/OpenSSH/:/mnt/c/Program Files (x86)/NVIDIA Corporation/PhysX/Common:/mnt/c/Program Files/Microsoft SQL Server/130/Tools/Binn/:/mnt/c/ProgramData/chocolatey/bin:/mnt/c/MyApp/git/Git/cmd:/mnt/c/MyApp/Compiler/mingw64/bin:/mnt/c/MyApp/Xshell/:/mnt/c/MyApp/Xftp/:/mnt/c/MyApp/Node.js/:/mnt/c/MyApp/Node.js/node.exe:/mnt/c/MyApp/VisualStudio/vs/Common7/IDE/:/mnt/c/Program Files/Git/cmd:/mnt/c/MyApp/ctags:/mnt/c/MyApp/python/Scripts:/mnt/c/Program Files/dotnet/:/mnt/c/Program Files/Microsoft SQL Server/Client SDK/ODBC/170/Tools/Binn/:/mnt/c/Program Files (x86)/Microsoft SQL Server/150/Tools/Binn/:/mnt/c/Program Files/Microsoft SQL Server/150/Tools/Binn/:/mnt/c/Program Files/Microsoft SQL Server/150/DTS/Binn/:/mnt/c/Program Files (x86)/Microsoft SQL Server/150/DTS/Binn/:/mnt/c/Program Files/Azure Data Studio/bin:/mnt/c/Users/过国郭哒/.cargo/bin:/mnt/c/Users/过国郭哒/AppData/Local/Programs/Python/Python39/Scripts/:/mnt/c/Users/过国郭哒/AppData/Local/Programs/Python/Python39/:/mnt/c/MyApp/Python/Scripts/:/mnt/c/MyApp/Python/:/mnt/c/Users/过国郭哒/AppData/Local/Microsoft/WindowsApps:/mnt/c/MyApp/IDEA/IntelliJ IDEA Community Edition 2021.3.2/bin:/mnt/c/MyApp/Pycharm/PyCharm Community Edition 2021.3.2/bin:/mnt/d/vscode/Microsoft VS Code/bin:/mnt/c/Users/过国郭哒/AppData/Roaming/npm:/mnt/c/MyApp/Modelsim/win64:/mnt/c/MyApp/ctags:/mnt/c/MyApp/python/Scripts:/mnt/c/Users/过国郭哒/.dotnet/tools:/mnt/c/Program Files/Azure Data Studio/bin:/snap/bin
# environment
ELECTRON_RUN_AS_NODE = 1
# default
.FEATURES := target-specific order-only second-expansion else-if shortest-stem undefine oneshell archives jobserver output-sync check-symlink load
# automatic
%F = $(notdir $%)
# environment
PWD = /home/mice/MakeFile
# environment
VSCODE_IPC_HOOK_CLI = /tmp/vscode-ipc-49ada490-b4f3-400c-953a-a6f035d8a620.sock
# environment
VSCODE_AMD_ENTRYPOINT = vs/workbench/api/node/extensionHostProcess
# environment
HOME = /home/mice
# environment
LOGNAME = mice
# environment
APPLICATION_INSIGHTS_NO_DIAGNOSTIC_CHANNEL = true
# environment
VSCODE_HANDLES_UNCAUGHT_ERRORS = true
# automatic
^D = $(patsubst %/,%,$(dir $^))
# environment
MAKELEVEL := 0
# default
MAKE = $(MAKE_COMMAND)
# default
MAKECMDGOALS := all
# environment
SHLVL = 2
# default
MAKE_VERSION := 4.1
# environment
USER = mice
# makefile
.DEFAULT_GOAL := build/add.o
# environment
NAME = DESKTOP-P1OF6GJ
# automatic
%D = $(patsubst %/,%,$(dir $%))
# environment
VSCODE_WSL_EXT_LOCATION = /mnt/c/Users/过国郭哒/.vscode/extensions/ms-vscode-remote.remote-wsl-0.66.3
# default
MAKE_COMMAND := make
# default
.VARIABLES := 
# automatic
*F = $(notdir $*)
# makefile
MAKEFLAGS = pqrR
# environment
MFLAGS = -pqrR
# automatic
*D = $(patsubst %/,%,$(dir $*))
# automatic
+D = $(patsubst %/,%,$(dir $+))
# automatic
+F = $(notdir $+)
# environment
VSCODE_HANDLES_SIGPIPE = true
# default
MAKEFILES := 
# automatic
<F = $(notdir $<)
# environment
LC_ALL = C
# environment
HOSTTYPE = x86_64
# automatic
^F = $(notdir $^)
# default
SUFFIXES := 
# default
.INCLUDE_DIRS = /usr/include /usr/local/include /usr/include
# default
.RECIPEPREFIX := 
# environment
LANG = C
# environment
TERM = xterm-256color
# environment
WSL_DISTRO_NAME = Ubuntu-18.04
# variable set hash-table stats:
# Load=61/1024=6%, Rehash=0, Collisions=7/93=8%

# Pattern-specific Variable Values

# No pattern-specific variable values.

# Directories

# . (device 2, inode 17169973579399298): 8 files, no impossibilities.

# 8 files, no impossibilities in 1 directories.

# Implicit Rules

# No implicit rules.

# Files

*clean:
#  Phony target (prerequisite of .PHONY).
#  Implicit rule search has not been done.
#  File does not exist.
#  File has not been updated.

build/main.o: src/add.cpp src/main.cpp
#  Implicit rule search has not been done.
#  Modification time never checked.
#  File has not been updated.
#  recipe to execute (from 'makefile', line 10):
	$(CXX) $^ -o $@

# Not a target:
all:
#  Command line target.
#  Implicit rule search has been done.
#  File does not exist.
#  File has not been updated.

.PHONY: clean *clean
#  Implicit rule search has not been done.
#  Modification time never checked.
#  File has not been updated.

# Not a target:
src/add.cpp:
#  Implicit rule search has not been done.
#  Modification time never checked.
#  File has not been updated.

# Not a target:
makefile:
#  Implicit rule search has been done.
#  Last modified 2022-07-26 18:32:06.8796817
#  File has been updated.
#  Successfully updated.

build/add.o: src/add.cpp src/main.cpp
#  Implicit rule search has not been done.
#  Modification time never checked.
#  File has not been updated.
#  recipe to execute (from 'makefile', line 10):
	$(CXX) $^ -o $@

# Not a target:
.DEFAULT:
#  Implicit rule search has not been done.
#  Modification time never checked.
#  File has not been updated.

clean:
#  Phony target (prerequisite of .PHONY).
#  Implicit rule search has not been done.
#  File does not exist.
#  File has not been updated.
#  recipe to execute (from 'makefile', line 20):
	$(RM) $(OBJS) $(TARGET)

# Not a target:
src/main.cpp:
#  Implicit rule search has not been done.
#  Modification time never checked.
#  File has not been updated.

bin/main: build/add.o build/main.o
#  Implicit rule search has not been done.
#  Modification time never checked.
#  File has not been updated.
#  recipe to execute (from 'makefile', line 17):
	$(CXX) $^ -o $@

# files hash-table stats:
# Load=12/1024=1%, Rehash=0, Collisions=1/28=4%
# VPATH Search Paths

# No 'vpath' search paths.

# No general ('VPATH' variable) search path.

# strcache buffers: 1 (0) / strings = 21 / storage = 178 B / avg = 8 B
# current buf: size = 8162 B / used = 178 B / count = 21 / avg = 8 B

# strcache performance: lookups = 33 / hit rate = 36%
# hash-table stats:
# Load=21/8192=0%, Rehash=0, Collisions=1/33=3%
# Finished Make data base on Tue Jul 26 18:44:37 2022

 
make: *** No rule to make target 'all'.  Stop.

